0 info it worked if it ends with ok
1 verbose cli [ '/Users/leon/.nvm/versions/node/v4.1.1/bin/node',
1 verbose cli   '/Users/leon/.nvm/versions/node/v4.1.1/bin/npm',
1 verbose cli   'publish' ]
2 info using npm@2.14.4
3 info using node@v4.1.1
4 verbose publish [ '.' ]
5 silly cache add args [ '.', null ]
6 verbose cache add spec .
7 silly cache add parsed spec Result {
7 silly cache add   raw: '.',
7 silly cache add   scope: null,
7 silly cache add   name: null,
7 silly cache add   rawSpec: '.',
7 silly cache add   spec: '/Users/leon/Desktop/nodejs/NodeMDBlog',
7 silly cache add   type: 'directory' }
8 verbose addLocalDirectory /Users/leon/.npm/NodeMDBlog/1.0.0/package.tgz not in flight; packing
9 verbose tar pack [ '/Users/leon/.npm/NodeMDBlog/1.0.0/package.tgz',
9 verbose tar pack   '/Users/leon/Desktop/nodejs/NodeMDBlog' ]
10 verbose tarball /Users/leon/.npm/NodeMDBlog/1.0.0/package.tgz
11 verbose folder /Users/leon/Desktop/nodejs/NodeMDBlog
12 info prepublish NodeMDBlog@1.0.0
13 verbose addLocalTarball adding from inside cache /Users/leon/.npm/NodeMDBlog/1.0.0/package.tgz
14 silly cache afterAdd NodeMDBlog@1.0.0
15 verbose afterAdd /Users/leon/.npm/NodeMDBlog/1.0.0/package/package.json not in flight; writing
16 verbose afterAdd /Users/leon/.npm/NodeMDBlog/1.0.0/package/package.json written
17 silly publish { name: 'NodeMDBlog',
17 silly publish   version: '1.0.0',
17 silly publish   description: '',
17 silly publish   main: 'app.js',
17 silly publish   scripts:
17 silly publish    { test: 'echo "Error: no test specified" && exit 1',
17 silly publish      newpost: 'node tools/newpost.js',
17 silly publish      publish: '/bin/sh tools/publish.sh' },
17 silly publish   author: '',
17 silly publish   license: 'ISC',
17 silly publish   dependencies:
17 silly publish    { dateformat: '^1.0.12',
17 silly publish      express: '^4.13.3',
17 silly publish      feed: '^0.2.6',
17 silly publish      'front-matter': '^2.0.0',
17 silly publish      jade: '^1.11.0',
17 silly publish      marked: '^0.3.5',
17 silly publish      morgan: '^1.6.1',
17 silly publish      'readline-sync': '^1.2.21',
17 silly publish      'serve-favicon': '~2.3.0',
17 silly publish      strsplit: '^1.0.0' },
17 silly publish   devDependencies:
17 silly publish    { 'connect-livereload': '^0.5.3',
17 silly publish      gulp: '^3.9.0',
17 silly publish      'gulp-express': '^0.3.5',
17 silly publish      'shipit-deploy': '^2.0.0',
17 silly publish      'shipit-npm': '^0.2.0',
17 silly publish      'shipit-pm2': '0.0.4',
17 silly publish      stringex: '^0.2.4',
17 silly publish      yamljs: '^0.2.4' },
17 silly publish   gitHead: '548e4edd05fcea07a8bdf6f040b825d44b2318eb',
17 silly publish   readme: 'ERROR: No README data found!',
17 silly publish   _id: 'NodeMDBlog@1.0.0',
17 silly publish   _shasum: '66eb24e07b6d6b0777a2d2bcefb038c49f99dbcd',
17 silly publish   _from: '.' }
18 verbose getPublishConfig undefined
19 silly mapToRegistry name NodeMDBlog
20 silly mapToRegistry using default registry
21 silly mapToRegistry registry http://registry.cnpmjs.org/
22 silly mapToRegistry uri http://registry.cnpmjs.org/NodeMDBlog
23 verbose publish registryBase http://registry.cnpmjs.org/
24 silly publish uploading /Users/leon/.npm/NodeMDBlog/1.0.0/package.tgz
25 verbose stack Error: auth required for publishing
25 verbose stack     at CachingRegistryClient.publish (/Users/leon/.nvm/versions/node/v4.1.1/lib/node_modules/npm/node_modules/npm-registry-client/lib/publish.js:30:14)
25 verbose stack     at /Users/leon/.nvm/versions/node/v4.1.1/lib/node_modules/npm/lib/publish.js:134:14
25 verbose stack     at mapToRegistry (/Users/leon/.nvm/versions/node/v4.1.1/lib/node_modules/npm/lib/utils/map-to-registry.js:55:3)
25 verbose stack     at publish_ (/Users/leon/.nvm/versions/node/v4.1.1/lib/node_modules/npm/lib/publish.js:104:3)
25 verbose stack     at Array.<anonymous> (/Users/leon/.nvm/versions/node/v4.1.1/lib/node_modules/npm/node_modules/slide/lib/bind-actor.js:15:8)
25 verbose stack     at LOOP (/Users/leon/.nvm/versions/node/v4.1.1/lib/node_modules/npm/node_modules/slide/lib/chain.js:15:14)
25 verbose stack     at LOOP (/Users/leon/.nvm/versions/node/v4.1.1/lib/node_modules/npm/node_modules/slide/lib/chain.js:14:28)
25 verbose stack     at chain (/Users/leon/.nvm/versions/node/v4.1.1/lib/node_modules/npm/node_modules/slide/lib/chain.js:20:5)
25 verbose stack     at /Users/leon/.nvm/versions/node/v4.1.1/lib/node_modules/npm/lib/publish.js:73:5
25 verbose stack     at RES (/Users/leon/.nvm/versions/node/v4.1.1/lib/node_modules/npm/node_modules/inflight/inflight.js:23:14)
26 verbose cwd /Users/leon/Desktop/nodejs/NodeMDBlog
27 error Darwin 15.0.0
28 error argv "/Users/leon/.nvm/versions/node/v4.1.1/bin/node" "/Users/leon/.nvm/versions/node/v4.1.1/bin/npm" "publish"
29 error node v4.1.1
30 error npm  v2.14.4
31 error code ENEEDAUTH
32 error need auth auth required for publishing
32 error need auth You need to authorize this machine using `npm adduser`
33 verbose exit [ 1, true ]
